I am getting:
(venv) cavin@DESKTOP-KR7GL8A:~/projects/Jeseci-Smart-Learning-Academy$ bash run.sh
ğŸ“ Starting Jeseci Smart Learning Academy...
ğŸ”§ Activating virtual environment...
ğŸš€ Starting JAC server...
ğŸ“ Access the application at: http://localhost:8000
ğŸŒ React JSX frontend: http://localhost:8000/page/app
ğŸ’¡ HTML API backup: POST /function/serve_html

Available API endpoints:
Â  POST /walker/welcome
Â  POST /walker/health_check
Â  POST /walker/concepts
Â  POST /walker/user_progress

Press Ctrl+C to stop the server

ğŸ“ Jeseci Smart Learning Academy - Native Jac Version
ğŸš€ Full Stack Application with React Frontend
âœ¨ Features: JAC OSP backend + React JSX frontend
ğŸ”§ Use 'jac serve app.jir' to start the server
ğŸŒ Access the app at: http://localhost:8000/page/app
ğŸ’¡ Alternative HTML API: POST /function/serve_html
Jac API Server running on http://0.0.0.0:8000
Module: app
Session: ./app.session

Available endpoints:
Â  POST /user/create - Create a new user
Â  POST /user/login - Login and get auth token
Â  GET /functions - List all functions
Â  GET /walkers - List all walkers
Â  GET /function/<name> - Get function signature
Â  GET /walker/<name> - Get walker info
Â  POST /function/<name> - Call a function
Â  POST /walker/<name> - Spawn a walker

Press Ctrl+C to stop the server
127.0.0.1 - "GET / HTTP/1.1" 200 -
127.0.0.1 - "GET /page/app HTTP/1.1" 503 -
127.0.0.1 - "GET /page/app HTTP/1.1" 503 -
127.0.0.1 - "GET /page/app HTTP/1.1" 503 -
----------------------------------------
Exception occurred during processing of request from ('127.0.0.1', 59318)
Traceback (most recent call last):
Â  File "/home/cavin/projects/Jeseci-Smart-Learning-Academy/venv/lib/python3.12/site-packages/jaclang/runtimelib/server.py", line 511, in ensure_bundle
Â  Â  self._bundle = self._bundle_builder.build(self._module)
Â  Â  Â  Â  Â  Â  Â  Â  Â  Â ^^^^^^^^^^^^^^^^^^^^^^^^^^^^^^^^^^^^^^^^
Â  File "/home/cavin/projects/Jeseci-Smart-Learning-Academy/venv/lib/python3.12/site-packages/jaclang/runtimelib/client_bundle.py", line 87, in build
Â  Â  bundle = self._compile_bundle(module, source_path)
Â  Â  Â  Â  Â  Â  Â ^^^^^^^^^^^^^^^^^^^^^^^^^^^^^^^^^^^^^^^^^
Â  File "/home/cavin/projects/Jeseci-Smart-Learning-Academy/venv/lib/python3.12/site-packages/jac_client/plugin/vite_client_bundle.py", line 302, in _compile_bundle
Â  Â  bundle_code, bundle_hash = self._bundle_with_vite(
Â  Â  Â  Â  Â  Â  Â  Â  Â  Â  Â  Â  Â  Â  Â  Â ^^^^^^^^^^^^^^^^^^^^^^^
Â  File "/home/cavin/projects/Jeseci-Smart-Learning-Academy/venv/lib/python3.12/site-packages/jac_client/plugin/vite_client_bundle.py", line 367, in _bundle_with_vite
Â  Â  raise ClientBundleError("Vite build completed but no bundle file found")
jaclang.runtimelib.client_bundle.ClientBundleError: Vite build completed but no bundle file found

The above exception was the direct cause of the following exception:

Traceback (most recent call last):
Â  File "/home/cavin/projects/Jeseci-Smart-Learning-Academy/venv/lib/python3.12/site-packages/jaclang/runtimelib/server.py", line 1013, in do_GET
Â  Â  render_payload = server.introspector.render_page(
Â  Â  Â  Â  Â  Â  Â  Â  Â  Â  Â ^^^^^^^^^^^^^^^^^^^^^^^^^^^^^^^^
Â  File "/home/cavin/projects/Jeseci-Smart-Learning-Academy/venv/lib/python3.12/site-packages/jac_client/plugin/client.py", line 41, in render_page
Â  Â  bundle_hash = self.ensure_bundle()
Â  Â  Â  Â  Â  Â  Â  Â  Â  ^^^^^^^^^^^^^^^^^^^^
Â  File "/home/cavin/projects/Jeseci-Smart-Learning-Academy/venv/lib/python3.12/site-packages/jaclang/runtimelib/server.py", line 517, in ensure_bundle
Â  Â  raise RuntimeError(self._bundle_error) from exc
RuntimeError: Vite build completed but no bundle file found

During handling of the above exception, another exception occurred:

Traceback (most recent call last):
Â  File "/usr/lib/python3.12/socketserver.py", line 318, in _handle_request_noblock
Â  Â  self.process_request(request, client_address)
Â  File "/usr/lib/python3.12/socketserver.py", line 349, in process_request
Â  Â  self.finish_request(request, client_address)
Â  File "/usr/lib/python3.12/socketserver.py", line 362, in finish_request
Â  Â  self.RequestHandlerClass(request, client_address, self)
Â  File "/usr/lib/python3.12/socketserver.py", line 761, in __init__
Â  Â  self.handle()
Â  File "/usr/lib/python3.12/http/server.py", line 436, in handle
Â  Â  self.handle_one_request()
Â  File "/usr/lib/python3.12/http/server.py", line 424, in handle_one_request
Â  Â  method()
Â  File "/home/cavin/projects/Jeseci-Smart-Learning-Academy/venv/lib/python3.12/site-packages/jaclang/runtimelib/server.py", line 1020, in do_GET
Â  Â  Jac.send_json(self, 503, {"error": str(exc)})
Â  File "/home/cavin/projects/Jeseci-Smart-Learning-Academy/venv/lib/python3.12/site-packages/jaclang/runtimelib/runtime.py", line 1914, in proxy
Â  Â  return hookcaller(**bound.arguments)
Â  Â  Â  Â  Â  Â ^^^^^^^^^^^^^^^^^^^^^^^^^^^^^
Â  File "/home/cavin/projects/Jeseci-Smart-Learning-Academy/venv/lib/python3.12/site-packages/jaclang/vendor/pluggy/_hooks.py", line 513, in __call__
Â  Â  return self._hookexec(self.name, self._hookimpls.copy(), kwargs, firstresult)
Â  Â  Â  Â  Â  Â ^^^^^^^^^^^^^^^^^^^^^^^^^^^^^^^^^^^^^^^^^^^^^^^^^^^^^^^^^^^^^^^^^^^^^^
Â  File "/home/cavin/projects/Jeseci-Smart-Learning-Academy/venv/lib/python3.12/site-packages/jaclang/vendor/pluggy/_manager.py", line 120, in _hookexec
Â  Â  return self._inner_hookexec(hook_name, methods, kwargs, firstresult)
Â  Â  Â  Â  Â  Â ^^^^^^^^^^^^^^^^^^^^^^^^^^^^^^^^^^^^^^^^^^^^^^^^^^^^^^^^^^^^^
Â  File "/home/cavin/projects/Jeseci-Smart-Learning-Academy/venv/lib/python3.12/site-packages/jaclang/vendor/pluggy/_callers.py", line 139, in _multicall
Â  Â  raise exception.with_traceback(exception.__traceback__)
Â  File "/home/cavin/projects/Jeseci-Smart-Learning-Academy/venv/lib/python3.12/site-packages/jaclang/vendor/pluggy/_callers.py", line 103, in _multicall
Â  Â  res = hook_impl.function(*args)
Â  Â  Â  Â  Â  ^^^^^^^^^^^^^^^^^^^^^^^^^
Â  File "/home/cavin/projects/Jeseci-Smart-Learning-Academy/venv/lib/python3.12/site-packages/jaclang/runtimelib/runtime.py", line 1492, in send_json
Â  Â  ResponseBuilder.send_json(handler, status, data)
Â  File "/home/cavin/projects/Jeseci-Smart-Learning-Academy/venv/lib/python3.12/site-packages/jaclang/runtimelib/server.py", line 623, in send_json
Â  Â  handler.wfile.write(json.dumps(data).encode())
Â  File "/usr/lib/python3.12/socketserver.py", line 840, in write
Â  Â  self._sock.sendall(b)
BrokenPipeError: [Errno 32] Broken pipe
----------------------------------------
127.0.0.1 - "GET /page/app HTTP/1.1" 503 -
127.0.0.1 - "GET /page/app HTTP/1.1" 503 -
----------------------------------------
Exception occurred during processing of request from ('127.0.0.1', 33606)
Traceback (most recent call last):
Â  File "/home/cavin/projects/Jeseci-Smart-Learning-Academy/venv/lib/python3.12/site-packages/jaclang/runtimelib/server.py", line 511, in ensure_bundle
Â  Â  self._bundle = self._bundle_builder.build(self._module)
Â  Â  Â  Â  Â  Â  Â  Â  Â  Â ^^^^^^^^^^^^^^^^^^^^^^^^^^^^^^^^^^^^^^^^
Â  File "/home/cavin/projects/Jeseci-Smart-Learning-Academy/venv/lib/python3.12/site-packages/jaclang/runtimelib/client_bundle.py", line 87, in build
Â  Â  bundle = self._compile_bundle(module, source_path)
Â  Â  Â  Â  Â  Â  Â ^^^^^^^^^^^^^^^^^^^^^^^^^^^^^^^^^^^^^^^^^
Â  File "/home/cavin/projects/Jeseci-Smart-Learning-Academy/venv/lib/python3.12/site-packages/jac_client/plugin/vite_client_bundle.py", line 302, in _compile_bundle
Â  Â  bundle_code, bundle_hash = self._bundle_with_vite(
Â  Â  Â  Â  Â  Â  Â  Â  Â  Â  Â  Â  Â  Â  Â  Â ^^^^^^^^^^^^^^^^^^^^^^^
Â  File "/home/cavin/projects/Jeseci-Smart-Learning-Academy/venv/lib/python3.12/site-packages/jac_client/plugin/vite_client_bundle.py", line 367, in _bundle_with_vite
Â  Â  raise ClientBundleError("Vite build completed but no bundle file found")
jaclang.runtimelib.client_bundle.ClientBundleError: Vite build completed but no bundle file found

The above exception was the direct cause of the following exception:

Traceback (most recent call last):
Â  File "/home/cavin/projects/Jeseci-Smart-Learning-Academy/venv/lib/python3.12/site-packages/jaclang/runtimelib/server.py", line 1013, in do_GET
Â  Â  render_payload = server.introspector.render_page(
Â  Â  Â  Â  Â  Â  Â  Â  Â  Â  Â ^^^^^^^^^^^^^^^^^^^^^^^^^^^^^^^^
Â  File "/home/cavin/projects/Jeseci-Smart-Learning-Academy/venv/lib/python3.12/site-packages/jac_client/plugin/client.py", line 41, in render_page
Â  Â  bundle_hash = self.ensure_bundle()
Â  Â  Â  Â  Â  Â  Â  Â  Â  ^^^^^^^^^^^^^^^^^^^^
Â  File "/home/cavin/projects/Jeseci-Smart-Learning-Academy/venv/lib/python3.12/site-packages/jaclang/runtimelib/server.py", line 517, in ensure_bundle
Â  Â  raise RuntimeError(self._bundle_error) from exc
RuntimeError: Vite build completed but no bundle file found

During handling of the above exception, another exception occurred:

Traceback (most recent call last):
Â  File "/usr/lib/python3.12/socketserver.py", line 318, in _handle_request_noblock
Â  Â  self.process_request(request, client_address)
Â  File "/usr/lib/python3.12/socketserver.py", line 349, in process_request
Â  Â  self.finish_request(request, client_address)
Â  File "/usr/lib/python3.12/socketserver.py", line 362, in finish_request
Â  Â  self.RequestHandlerClass(request, client_address, self)
Â  File "/usr/lib/python3.12/socketserver.py", line 761, in __init__
Â  Â  self.handle()
Â  File "/usr/lib/python3.12/http/server.py", line 436, in handle
Â  Â  self.handle_one_request()
Â  File "/usr/lib/python3.12/http/server.py", line 424, in handle_one_request
Â  Â  method()
Â  File "/home/cavin/projects/Jeseci-Smart-Learning-Academy/venv/lib/python3.12/site-packages/jaclang/runtimelib/server.py", line 1020, in do_GET
Â  Â  Jac.send_json(self, 503, {"error": str(exc)})
Â  File "/home/cavin/projects/Jeseci-Smart-Learning-Academy/venv/lib/python3.12/site-packages/jaclang/runtimelib/runtime.py", line 1914, in proxy
Â  Â  return hookcaller(**bound.arguments)
Â  Â  Â  Â  Â  Â ^^^^^^^^^^^^^^^^^^^^^^^^^^^^^
Â  File "/home/cavin/projects/Jeseci-Smart-Learning-Academy/venv/lib/python3.12/site-packages/jaclang/vendor/pluggy/_hooks.py", line 513, in __call__
Â  Â  return self._hookexec(self.name, self._hookimpls.copy(), kwargs, firstresult)
Â  Â  Â  Â  Â  Â ^^^^^^^^^^^^^^^^^^^^^^^^^^^^^^^^^^^^^^^^^^^^^^^^^^^^^^^^^^^^^^^^^^^^^^
Â  File "/home/cavin/projects/Jeseci-Smart-Learning-Academy/venv/lib/python3.12/site-packages/jaclang/vendor/pluggy/_manager.py", line 120, in _hookexec
Â  Â  return self._inner_hookexec(hook_name, methods, kwargs, firstresult)
Â  Â  Â  Â  Â  Â ^^^^^^^^^^^^^^^^^^^^^^^^^^^^^^^^^^^^^^^^^^^^^^^^^^^^^^^^^^^^^
Â  File "/home/cavin/projects/Jeseci-Smart-Learning-Academy/venv/lib/python3.12/site-packages/jaclang/vendor/pluggy/_callers.py", line 139, in _multicall
Â  Â  raise exception.with_traceback(exception.__traceback__)
Â  File "/home/cavin/projects/Jeseci-Smart-Learning-Academy/venv/lib/python3.12/site-packages/jaclang/vendor/pluggy/_callers.py", line 103, in _multicall
Â  Â  res = hook_impl.function(*args)
Â  Â  Â  Â  Â  ^^^^^^^^^^^^^^^^^^^^^^^^^
Â  File "/home/cavin/projects/Jeseci-Smart-Learning-Academy/venv/lib/python3.12/site-packages/jaclang/runtimelib/runtime.py", line 1492, in send_json
Â  Â  ResponseBuilder.send_json(handler, status, data)
Â  File "/home/cavin/projects/Jeseci-Smart-Learning-Academy/venv/lib/python3.12/site-packages/jaclang/runtimelib/server.py", line 623, in send_json
Â  Â  handler.wfile.write(json.dumps(data).encode())
Â  File "/usr/lib/python3.12/socketserver.py", line 840, in write
Â  Â  self._sock.sendall(b)
BrokenPipeError: [Errno 32] Broken pipe
----------------------------------------
127.0.0.1 - "GET /.well-known/appspecific/com.chrome.devtools.json HTTP/1.1" 404 -