                ~~~~~~~
    'context' is declared here.

src/contexts/CollaborationContext.tsx:175:12 - error TS2678: Type '"collab.session.joined"' is not comparable to type 'WebSocketMessageType'.

175       case 'collab.session.joined':
               ~~~~~~~~~~~~~~~~~~~~~~~

src/contexts/CollaborationContext.tsx:176:29 - error TS2345: Argument of type 'unknown' is not assignable to parameter of type '{ session: CollaborationSession; peers: Peer[]; }'.
  Type '{}' is missing the following properties from type '{ session: CollaborationSession; peers: Peer[]; }': session, peers

176         handleSessionJoined(message.payload);
                                ~~~~~~~~~~~~~~~

src/contexts/CollaborationContext.tsx:178:12 - error TS2678: Type '"collab.peer.joined"' is not comparable to type 'WebSocketMessageType'.

178       case 'collab.peer.joined':
               ~~~~~~~~~~~~~~~~~~~~

src/contexts/CollaborationContext.tsx:179:26 - error TS2345: Argument of type 'unknown' is not assignable to parameter of type 'Peer'.
  Type '{}' is missing the following properties from type 'Peer': userId, name, color, cursor, and 3 more.

179         handlePeerJoined(message.payload);
                             ~~~~~~~~~~~~~~~

src/contexts/CollaborationContext.tsx:181:12 - error TS2678: Type '"collab.peer.left"' is not comparable to type 'WebSocketMessageType'.

181       case 'collab.peer.left':
               ~~~~~~~~~~~~~~~~~~

src/contexts/CollaborationContext.tsx:182:24 - error TS2345: Argument of type 'unknown' is not assignable to parameter of type '{ userId: string; }'.
  Property 'userId' is missing in type '{}' but required in type '{ userId: string; }'.

182         handlePeerLeft(message.payload);
                           ~~~~~~~~~~~~~~~

  src/contexts/CollaborationContext.tsx:228:50
    228   const handlePeerLeft = useCallback((payload: { userId: string }) => {
                                                         ~~~~~~
    'userId' is declared here.

src/contexts/CollaborationContext.tsx:184:12 - error TS2678: Type '"collab.cursor.update"' is not comparable to type 'WebSocketMessageType'.

184       case 'collab.cursor.update':
               ~~~~~~~~~~~~~~~~~~~~~~

src/contexts/CollaborationContext.tsx:185:28 - error TS2345: Argument of type 'unknown' is not assignable to parameter of type '{ userId: string; cursor: CursorPosition; }'.
  Type '{}' is missing the following properties from type '{ userId: string; cursor: CursorPosition; }': userId, cursor

185         handleCursorUpdate(message.payload);
                               ~~~~~~~~~~~~~~~

src/contexts/CollaborationContext.tsx:187:12 - error TS2678: Type '"collab.selection.update"' is not comparable to type 'WebSocketMessageType'.

187       case 'collab.selection.update':
               ~~~~~~~~~~~~~~~~~~~~~~~~~

src/contexts/CollaborationContext.tsx:188:31 - error TS2345: Argument of type 'unknown' is not assignable to parameter of type '{ userId: string; selection: SelectionRange; }'.
  Type '{}' is missing the following properties from type '{ userId: string; selection: SelectionRange; }': userId, selection

188         handleSelectionUpdate(message.payload);
                                  ~~~~~~~~~~~~~~~

src/contexts/CollaborationContext.tsx:190:12 - error TS2678: Type '"collab.operation"' is not comparable to type 'WebSocketMessageType'.

190       case 'collab.operation':
               ~~~~~~~~~~~~~~~~~~

src/contexts/CollaborationContext.tsx:191:25 - error TS2345: Argument of type 'unknown' is not assignable to parameter of type 'CodeOperation'.
  Type '{}' is missing the following properties from type 'CodeOperation': id, type, position, version, and 2 more.

191         handleOperation(message.payload);
                            ~~~~~~~~~~~~~~~

src/contexts/CollaborationContext.tsx:193:12 - error TS2678: Type '"collab.chat.message"' is not comparable to type 'WebSocketMessageType'.

193       case 'collab.chat.message':
               ~~~~~~~~~~~~~~~~~~~~~

src/contexts/CollaborationContext.tsx:194:27 - error TS2345: Argument of type 'unknown' is not assignable to parameter of type 'ChatMessage'.
  Type '{}' is missing the following properties from type 'ChatMessage': id, userId, userName, content, and 2 more.

194         handleChatMessage(message.payload);
                              ~~~~~~~~~~~~~~~

src/contexts/CollaborationContext.tsx:196:12 - error TS2678: Type '"collab.sync.progress"' is not comparable to type 'WebSocketMessageType'.

196       case 'collab.sync.progress':
               ~~~~~~~~~~~~~~~~~~~~~~

src/contexts/CollaborationContext.tsx:199:12 - error TS2678: Type '"collab.sync.completed"' is not comparable to type 'WebSocketMessageType'.

199       case 'collab.sync.completed':
               ~~~~~~~~~~~~~~~~~~~~~~~

src/contexts/CollaborationContext.tsx:200:93 - error TS2339: Property 'version' does not exist on type 'unknown'.

200         setState(prev => ({ ...prev, syncStatus: 'synced', documentVersion: message.payload.version }));
                                                                                                ~~~~~~~

src/contexts/CollaborationContext.tsx:202:12 - error TS2678: Type '"collab.connection.quality"' is not comparable to type 'WebSocketMessageType'.

202       case 'collab.connection.quality':
               ~~~~~~~~~~~~~~~~~~~~~~~~~~~

src/contexts/CollaborationContext.tsx:203:18 - error TS2345: Argument of type '(prev: CollaborationState) => { connectionQuality: unknown; currentSession: CollaborationSession; isConnected: boolean; isConnecting: boolean; ... 7 more ...; syncStatus: "offline" | ... 2 more ... | "syncing"; }' is not assignable to parameter of type 'SetStateAction<CollaborationState>'.
  Type '(prev: CollaborationState) => { connectionQuality: unknown; currentSession: CollaborationSession; isConnected: boolean; isConnecting: boolean; ... 7 more ...; syncStatus: "offline" | ... 2 more ... | "syncing"; }' is not assignable to type '(prevState: CollaborationState) => CollaborationState'.
    Call signature return types '{ connectionQuality: unknown; currentSession: CollaborationSession; isConnected: boolean; isConnecting: boolean; peers: Peer[]; localUserId: string; localUserName: string; ... 4 more ...; syncStatus: "offline" | ... 2 more ... | "syncing"; }' and 'CollaborationState' are incompatible.
      The types of 'connectionQuality' are incompatible between these types.
        Type 'unknown' is not assignable to type '"excellent" | "good" | "poor" | "disconnected"'.

203         setState(prev => ({ ...prev, connectionQuality: message.payload }));
                     ~~~~~~~~~~~~~~~~~~~~~~~~~~~~~~~~~~~~~~~~~~~~~~~~~~~~~~~~~

src/contexts/CollaborationContext.tsx:316:7 - error TS2322: Type '"collab.join"' is not assignable to type 'WebSocketMessageType'.

316       type: 'collab.join',
          ~~~~

  src/hooks/useWebSocket.ts:31:3
    31   type: WebSocketMessageType;
         ~~~~
    The expected type comes from property 'type' which is declared here on type 'WebSocketMessage<unknown>'

src/contexts/CollaborationContext.tsx:325:9 - error TS2322: Type '"collab.leave"' is not assignable to type 'WebSocketMessageType'.

325         type: 'collab.leave',
            ~~~~

  src/hooks/useWebSocket.ts:31:3
    31   type: WebSocketMessageType;
         ~~~~
    The expected type comes from property 'type' which is declared here on type 'WebSocketMessage<unknown>'

src/contexts/CollaborationContext.tsx:417:7 - error TS2322: Type '"collab.operation"' is not assignable to type 'WebSocketMessageType'.

417       type: 'collab.operation',
          ~~~~

  src/hooks/useWebSocket.ts:31:3
    31   type: WebSocketMessageType;
         ~~~~
    The expected type comes from property 'type' which is declared here on type 'WebSocketMessage<unknown>'

src/contexts/CollaborationContext.tsx:449:7 - error TS2322: Type '"collab.cursor.update"' is not assignable to type 'WebSocketMessageType'.

449       type: 'collab.cursor.update',
          ~~~~

  src/hooks/useWebSocket.ts:31:3
    31   type: WebSocketMessageType;
         ~~~~
    The expected type comes from property 'type' which is declared here on type 'WebSocketMessage<unknown>'

src/contexts/CollaborationContext.tsx:459:7 - error TS2820: Type '"collab.selection.update"' is not assignable to type 'WebSocketMessageType'. Did you mean '"collaboration.update"'?

459       type: 'collab.selection.update',
          ~~~~

  src/hooks/useWebSocket.ts:31:3
    31   type: WebSocketMessageType;
         ~~~~
    The expected type comes from property 'type' which is declared here on type 'WebSocketMessage<unknown>'

src/contexts/CollaborationContext.tsx:480:7 - error TS2322: Type '"collab.chat.message"' is not assignable to type 'WebSocketMessageType'.

480       type: 'collab.chat.message',
          ~~~~

  src/hooks/useWebSocket.ts:31:3
    31   type: WebSocketMessageType;
         ~~~~
    The expected type comes from property 'type' which is declared here on type 'WebSocketMessage<unknown>'

src/contexts/CurriculumContext.tsx:290:10 - error TS2678: Type '"SET_UNSAAVED_CHANGES"' is not comparable to type '"SET_LOADING" | "SET_ERROR" | "SET_COURSES" | "SET_LEARNING_PATHS" | "SELECT_COURSE" | "SELECT_MODULE" | "CREATE_DRAFT_COURSE" | "UPDATE_DRAFT_COURSE" | "ADD_MODULE_TO_DRAFT" | ... 13 more ... | "ARCHIVE_COURSE"'.

290     case 'SET_UNSAAVED_CHANGES':
             ~~~~~~~~~~~~~~~~~~~~~~

src/contexts/CurriculumContext.tsx:291:52 - error TS2339: Property 'payload' does not exist on type 'never'.

291       return { ...state, hasUnsavedChanges: action.payload };
                                                       ~~~~~~~

src/contexts/CurriculumContext.tsx:398:11 - error TS2322: Type '{ id: string; title: string; description: string; thumbnail?: string; category?: string; tags: string[]; modules: CourseModule[]; settings: { isPublic: boolean; allowLateSubmission: boolean; enableDiscussions: boolean; passingScore: number; }; metadata: { createdAt: string; updatedAt: string; authorId: string; versi...' is not assignable to type 'Course'.
  Property 'category' is optional in type '{ id: string; title: string; description: string; thumbnail?: string; category?: string; tags: string[]; modules: CourseModule[]; settings: { isPublic: boolean; allowLateSubmission: boolean; enableDiscussions: boolean; passingScore: number; }; metadata: { ...; }; }' but required in type 'Course'.

398     const newCourse: Course = {
              ~~~~~~~~~

src/contexts/CurriculumContext.tsx:499:11 - error TS2322: Type '{ id: string; title: string; description: string; courses: { courseId: string; order: number; required: boolean; unlockCondition?: { type: "prerequisite" | "time"; courseId?: string; daysAfterEnrollment?: number; }; }[]; targetAudience: "beginner" | "intermediate" | "advanced" | "all"; estimatedDuration?: number; sk...' is not assignable to type 'LearningPath'.
  Property 'estimatedDuration' is optional in type '{ id: string; title: string; description: string; courses: { courseId: string; order: number; required: boolean; unlockCondition?: { type: "time" | "prerequisite"; courseId?: string; daysAfterEnrollment?: number; }; }[]; targetAudience: "beginner" | ... 2 more ... | "all"; estimatedDuration?: number; skills: string[...' but required in type 'LearningPath'.

499     const newPath: LearningPath = {
              ~~~~~~~

src/contexts/CurriculumContext.tsx:603:16 - error TS2339: Property 'prerequisites' does not exist on type 'CourseModule'.

603         module.prerequisites.forEach((prereq) => {
                   ~~~~~~~~~~~~~

src/contexts/GamificationContext.tsx:607:14 - error TS2345: Argument of type '(prev: GamificationState) => { notifications: GamificationNotification[]; unreadCount: (n: any) => number; currentXP: number; totalXP: number; ... 8 more ...; pendingXPGains: XPGain[]; }' is not assignable to parameter of type 'SetStateAction<GamificationState>'.
  Type '(prev: GamificationState) => { notifications: GamificationNotification[]; unreadCount: (n: any) => number; currentXP: number; totalXP: number; ... 8 more ...; pendingXPGains: XPGain[]; }' is not assignable to type '(prevState: GamificationState) => GamificationState'.
    Call signature return types '{ notifications: GamificationNotification[]; unreadCount: (n: any) => number; currentXP: number; totalXP: number; level: UserLevel; streak: StreakData; ... 6 more ...; pendingXPGains: XPGain[]; }' and 'GamificationState' are incompatible.
      The types of 'unreadCount' are incompatible between these types.
        Type '(n: any) => number' is not assignable to type 'number'.

607     setState(prev => ({
                 ~~~~~~~~~~
608       ...prev,
    ~~~~~~~~~~~~~~
... 
610       unreadCount: n => Math.max(0, n - 1)
    ~~~~~~~~~~~~~~~~~~~~~~~~~~~~~~~~~~~~~~~~~~
611     }));
    ~~~~~~

src/contexts/LMSIntegrationContext.tsx:1:10 - error TS2300: Duplicate identifier 'useCallback'.

1 import { useCallback, useEffect, useRef, useState, useMemo } from 'react';
           ~~~~~~~~~~~

src/contexts/LMSIntegrationContext.tsx:1:42 - error TS2300: Duplicate identifier 'useState'.

1 import { useCallback, useEffect, useRef, useState, useMemo } from 'react';
                                           ~~~~~~~~

src/contexts/LMSIntegrationContext.tsx:1:52 - error TS2300: Duplicate identifier 'useMemo'.

1 import { useCallback, useEffect, useRef, useState, useMemo } from 'react';
                                                     ~~~~~~~

src/contexts/LMSIntegrationContext.tsx:151:56 - error TS2304: Cannot find name 'GradeSync'.

151   syncAssignmentGrades: (assignmentId: string, grades: GradeSync[]) => Promise<void>;
                                                           ~~~~~~~~~

src/contexts/LMSIntegrationContext.tsx:776:37 - error TS2300: Duplicate identifier 'useCallback'.

776 import { createContext, useContext, useCallback, useState, useMemo } from 'react';
                                        ~~~~~~~~~~~

src/contexts/LMSIntegrationContext.tsx:776:50 - error TS2300: Duplicate identifier 'useState'.

776 import { createContext, useContext, useCallback, useState, useMemo } from 'react';
                                                     ~~~~~~~~

src/contexts/LMSIntegrationContext.tsx:776:60 - error TS2300: Duplicate identifier 'useMemo'.

776 import { createContext, useContext, useCallback, useState, useMemo } from 'react';
                                                               ~~~~~~~

src/contexts/SchedulerContext.tsx:423:9 - error TS2322: Type 'unknown' is not assignable to type 'string'.

423         type: template.defaultConfig.actionType || 'custom',
            ~~~~

  src/contexts/SchedulerContext.tsx:12:5
    12     type: string;
           ~~~~
    The expected type comes from property 'type' which is declared here on type '{ type: string; config: Record<string, unknown>; }'

src/contexts/index.ts:8:3 - error TS2459: Module '"./CodeExecutionContext"' declares 'CodeExecutionContextType' locally, but it is not exported.

8   CodeExecutionContextType
    ~~~~~~~~~~~~~~~~~~~~~~~~

  src/contexts/CodeExecutionContext.tsx:38:11
    38 interface CodeExecutionContextType {
                 ~~~~~~~~~~~~~~~~~~~~~~~~
    'CodeExecutionContextType' is declared here.

src/contexts/index.ts:22:3 - error TS2724: '"./LMSIntegrationContext"' has no exported member named 'LMSIntegrationContextType'. Did you mean 'LMSIntegrationState'?

22   LMSIntegrationContextType
     ~~~~~~~~~~~~~~~~~~~~~~~~~

src/contexts/index.ts:27:3 - error TS2305: Module '"./CollaborationContext"' has no exported member 'CollaboratorPresence'.

27   CollaboratorPresence,
     ~~~~~~~~~~~~~~~~~~~~

src/contexts/index.ts:31:3 - error TS2724: '"./CollaborationContext"' has no exported member named 'CollaboratorState'. Did you mean 'CollaborationState'?

31   CollaboratorState,
     ~~~~~~~~~~~~~~~~~

src/contexts/index.ts:32:3 - error TS2459: Module '"./CollaborationContext"' declares 'CollaborationContextType' locally, but it is not exported.

32   CollaborationContextType
     ~~~~~~~~~~~~~~~~~~~~~~~~

  src/contexts/CollaborationContext.tsx:86:11
    86 interface CollaborationContextType {
                 ~~~~~~~~~~~~~~~~~~~~~~~~
    'CollaborationContextType' is declared here.

src/contexts/index.ts:37:3 - error TS2305: Module '"./GamificationContext"' has no exported member 'UserBadge'.

37   UserBadge,
     ~~~~~~~~~

src/contexts/index.ts:40:3 - error TS2305: Module '"./GamificationContext"' has no exported member 'XPTransaction'.

40   XPTransaction,
     ~~~~~~~~~~~~~

src/contexts/index.ts:42:3 - error TS2459: Module '"./GamificationContext"' declares 'GamificationContextType' locally, but it is not exported.

42   GamificationContextType
     ~~~~~~~~~~~~~~~~~~~~~~~

  src/contexts/GamificationContext.tsx:119:11
    119 interface GamificationContextType {
                  ~~~~~~~~~~~~~~~~~~~~~~~
    'GamificationContextType' is declared here.

src/contexts/index.ts:47:3 - error TS2724: '"./AnalyticsContext"' has no exported member named 'StudentAnalytics'. Did you mean 'useAnalytics'?

47   StudentAnalytics,
     ~~~~~~~~~~~~~~~~

  src/contexts/AnalyticsContext.tsx:781:17
    781 export function useAnalytics() {
                        ~~~~~~~~~~~~
    'useAnalytics' is declared here.

src/contexts/index.ts:48:3 - error TS2724: '"./AnalyticsContext"' has no exported member named 'CourseAnalytics'. Did you mean 'useAnalytics'?

48   CourseAnalytics,
     ~~~~~~~~~~~~~~~

  src/contexts/AnalyticsContext.tsx:781:17
    781 export function useAnalytics() {
                        ~~~~~~~~~~~~
    'useAnalytics' is declared here.

src/contexts/index.ts:49:3 - error TS2305: Module '"./AnalyticsContext"' has no exported member 'SkillMetrics'.

49   SkillMetrics,
     ~~~~~~~~~~~~

src/contexts/index.ts:50:3 - error TS2305: Module '"./AnalyticsContext"' has no exported member 'EngagementData'.

50   EngagementData,
     ~~~~~~~~~~~~~~

src/contexts/index.ts:52:3 - error TS2459: Module '"./AnalyticsContext"' declares 'AnalyticsContextType' locally, but it is not exported.

52   AnalyticsContextType
     ~~~~~~~~~~~~~~~~~~~~

  src/contexts/AnalyticsContext.tsx:143:11
    143 interface AnalyticsContextType {
                  ~~~~~~~~~~~~~~~~~~~~
    'AnalyticsContextType' is declared here.

src/contexts/index.ts:72:3 - error TS2300: Duplicate identifier 'LearningPath'.

72   LearningPath,
     ~~~~~~~~~~~~

src/contexts/index.ts:74:3 - error TS2614: Module '"./CurriculumContext"' has no exported member 'CurriculumContextType'. Did you mean to use 'import CurriculumContextType from "./CurriculumContext"' instead?

74   CurriculumContextType
     ~~~~~~~~~~~~~~~~~~~~~

src/contexts/index.ts:88:3 - error TS2614: Module '"./AdminContext"' has no exported member 'SystemUser'. Did you mean to use 'import SystemUser from "./AdminContext"' instead?

88   SystemUser,
     ~~~~~~~~~~

src/contexts/index.ts:89:3 - error TS2614: Module '"./AdminContext"' has no exported member 'AuditLogEntry'. Did you mean to use 'import AuditLogEntry from "./AdminContext"' instead?

89   AuditLogEntry,
     ~~~~~~~~~~~~~

src/contexts/index.ts:90:3 - error TS2614: Module '"./AdminContext"' has no exported member 'SystemMetrics'. Did you mean to use 'import SystemMetrics from "./AdminContext"' instead?

90   SystemMetrics,
     ~~~~~~~~~~~~~

src/contexts/index.ts:91:3 - error TS2614: Module '"./AdminContext"' has no exported member 'SystemHealth'. Did you mean to use 'import SystemHealth from "./AdminContext"' instead?

91   SystemHealth,
     ~~~~~~~~~~~~

src/contexts/index.ts:92:3 - error TS2614: Module '"./AdminContext"' has no exported member 'UserFilter'. Did you mean to use 'import UserFilter from "./AdminContext"' instead?

92   UserFilter,
     ~~~~~~~~~~

src/contexts/index.ts:93:3 - error TS2614: Module '"./AdminContext"' has no exported member 'AuditLogFilter'. Did you mean to use 'import AuditLogFilter from "./AdminContext"' instead?

93   AuditLogFilter,
     ~~~~~~~~~~~~~~

src/contexts/index.ts:94:3 - error TS2614: Module '"./AdminContext"' has no exported member 'BulkUserAction'. Did you mean to use 'import BulkUserAction from "./AdminContext"' instead?

94   BulkUserAction,
     ~~~~~~~~~~~~~~

src/contexts/index.ts:95:3 - error TS2614: Module '"./AdminContext"' has no exported member 'AdminContextType'. Did you mean to use 'import AdminContextType from "./AdminContext"' instead?

95   AdminContextType
     ~~~~~~~~~~~~~~~~

src/contexts/index.ts:100:3 - error TS2724: '"./NotificationContext"' has no exported member named 'Notification'. Did you mean 'useNotifications'?

100   Notification,
      ~~~~~~~~~~~~

  src/contexts/NotificationContext.tsx:252:14
    252 export const useNotifications = (): NotificationContextType => {
                     ~~~~~~~~~~~~~~~~
    'useNotifications' is declared here.

src/contexts/index.ts:101:3 - error TS2614: Module '"./NotificationContext"' has no exported member 'ToastNotification'. Did you mean to use 'import ToastNotification from "./NotificationContext"' instead?

101   ToastNotification,
      ~~~~~~~~~~~~~~~~~

src/contexts/index.ts:102:3 - error TS2614: Module '"./NotificationContext"' has no exported member 'ChatMessage'. Did you mean to use 'import ChatMessage from "./NotificationContext"' instead?

102   ChatMessage as NotificationChatMessage,
      ~~~~~~~~~~~

src/contexts/index.ts:103:3 - error TS2614: Module '"./NotificationContext"' has no exported member 'Conversation'. Did you mean to use 'import Conversation from "./NotificationContext"' instead?

103   Conversation,
      ~~~~~~~~~~~~

src/contexts/index.ts:104:3 - error TS2614: Module '"./NotificationContext"' has no exported member 'NotificationPreferences'. Did you mean to use 'import NotificationPreferences from "./NotificationContext"' instead?

104   NotificationPreferences,
      ~~~~~~~~~~~~~~~~~~~~~~~

src/contexts/index.ts:105:3 - error TS2614: Module '"./NotificationContext"' has no exported member 'NotificationContextType'. Did you mean to use 'import NotificationContextType from "./NotificationContext"' instead?

105   NotificationContextType
      ~~~~~~~~~~~~~~~~~~~~~~~

src/contexts/index.ts:113:3 - error TS2300: Duplicate identifier 'LearningPath'.

113   LearningPath,
      ~~~~~~~~~~~~

src/hooks/communication/useWebRTC.ts:186:29 - error TS2339: Property 'availableDevices' does not exist on type 'VideoRoomState'.

186     availableDevices: state.availableDevices,
                                ~~~~~~~~~~~~~~~~

src/hooks/communication/useWebRTC.ts:187:28 - error TS2339: Property 'selectedDevices' does not exist on type 'VideoRoomState'.

187     selectedDevices: state.selectedDevices,
                               ~~~~~~~~~~~~~~~

src/hooks/content/useCourseBuilder.ts:199:27 - error TS2448: Block-scoped variable 'validateCourse' used before its declaration.

199   }, [course, saveCourse, validateCourse]);
                              ~~~~~~~~~~~~~~

  src/hooks/content/useCourseBuilder.ts:449:9
    449   const validateCourse = useCallback((): { isValid: boolean; errors: string[] } => {
                ~~~~~~~~~~~~~~
    'validateCourse' is declared here.

src/hooks/index.ts:8:3 - error TS2724: '"./useWebSocket"' has no exported member named 'UseWebSocketReturn'. Did you mean 'useWebSocket'?

8   UseWebSocketReturn
    ~~~~~~~~~~~~~~~~~~

  src/hooks/useWebSocket.ts:63:17
    63 export function useWebSocket(config: WebSocketConfig): UseWebSocketReturn {
                       ~~~~~~~~~~~~
    'useWebSocket' is declared here.

src/hooks/index.ts:13:3 - error TS2724: '"./useCodeExecution"' has no exported member named 'UseCodeExecutionOptions'. Did you mean 'useCodeExecution'?

13   UseCodeExecutionOptions,
     ~~~~~~~~~~~~~~~~~~~~~~~

  src/hooks/useCodeExecution.ts:53:17
    53 export function useCodeExecution(options: UseCodeExecutionOptions = {}): UseCodeExecutionReturn {
                       ~~~~~~~~~~~~~~~~
    'useCodeExecution' is declared here.

src/hooks/index.ts:14:3 - error TS2724: '"./useCodeExecution"' has no exported member named 'UseCodeExecutionReturn'. Did you mean 'useCodeExecution'?

14   UseCodeExecutionReturn
     ~~~~~~~~~~~~~~~~~~~~~~

  src/hooks/useCodeExecution.ts:53:17
    53 export function useCodeExecution(options: UseCodeExecutionOptions = {}): UseCodeExecutionReturn {
                       ~~~~~~~~~~~~~~~~
    'useCodeExecution' is declared here.

src/hooks/index.ts:19:3 - error TS2724: '"./useLMSIntegration"' has no exported member named 'UseLMSIntegrationOptions'. Did you mean 'useLMSIntegration'?

19   UseLMSIntegrationOptions,
     ~~~~~~~~~~~~~~~~~~~~~~~~

  src/hooks/useLMSIntegration.ts:88:17
    88 export function useLMSIntegration(options: UseLMSIntegrationOptions = {}): UseLMSIntegrationReturn {
                       ~~~~~~~~~~~~~~~~~
    'useLMSIntegration' is declared here.

src/hooks/index.ts:20:3 - error TS2724: '"./useLMSIntegration"' has no exported member named 'UseLMSIntegrationReturn'. Did you mean 'useLMSIntegration'?

20   UseLMSIntegrationReturn
     ~~~~~~~~~~~~~~~~~~~~~~~

  src/hooks/useLMSIntegration.ts:88:17
    88 export function useLMSIntegration(options: UseLMSIntegrationOptions = {}): UseLMSIntegrationReturn {
                       ~~~~~~~~~~~~~~~~~
    'useLMSIntegration' is declared here.

src/hooks/index.ts:26:3 - error TS2724: '"./useCollaborationSession"' has no exported member named 'UseCollaborationSessionOptions'. Did you mean 'useCollaborationSession'?

26   UseCollaborationSessionOptions,
     ~~~~~~~~~~~~~~~~~~~~~~~~~~~~~~

  src/hooks/useCollaborationSession.ts:65:17
    65 export function useCollaborationSession(options: UseCollaborationSessionOptions): UseCollaborationSessionReturn {
                       ~~~~~~~~~~~~~~~~~~~~~~~
    'useCollaborationSession' is declared here.

src/hooks/index.ts:27:3 - error TS2724: '"./useCollaborationSession"' has no exported member named 'UseCollaborationSessionReturn'. Did you mean 'useCollaborationSession'?

27   UseCollaborationSessionReturn
     ~~~~~~~~~~~~~~~~~~~~~~~~~~~~~

  src/hooks/useCollaborationSession.ts:65:17
    65 export function useCollaborationSession(options: UseCollaborationSessionOptions): UseCollaborationSessionReturn {
                       ~~~~~~~~~~~~~~~~~~~~~~~
    'useCollaborationSession' is declared here.

src/hooks/index.ts:33:3 - error TS2724: '"./useGamification"' has no exported member named 'UseGamificationOptions'. Did you mean 'useGamification'?

33   UseGamificationOptions,
     ~~~~~~~~~~~~~~~~~~~~~~

  src/hooks/useGamification.ts:53:17
    53 export function useGamification(options: UseGamificationOptions = {}): UseGamificationReturn {
                       ~~~~~~~~~~~~~~~
    'useGamification' is declared here.

src/hooks/index.ts:34:3 - error TS2724: '"./useGamification"' has no exported member named 'UseGamificationReturn'. Did you mean 'useGamification'?

34   UseGamificationReturn
     ~~~~~~~~~~~~~~~~~~~~~

  src/hooks/useGamification.ts:53:17
    53 export function useGamification(options: UseGamificationOptions = {}): UseGamificationReturn {
                       ~~~~~~~~~~~~~~~
    'useGamification' is declared here.

src/hooks/index.ts:44:3 - error TS2724: '"./useAnalytics"' has no exported member named 'UsePerformanceMetricsOptions'. Did you mean 'usePerformanceMetrics'?

44   UsePerformanceMetricsOptions,
     ~~~~~~~~~~~~~~~~~~~~~~~~~~~~

  src/hooks/useAnalytics.ts:34:17
    34 export function usePerformanceMetrics(options: UsePerformanceMetricsOptions = {}): UsePerformanceMetricsReturn {
                       ~~~~~~~~~~~~~~~~~~~~~
    'usePerformanceMetrics' is declared here.

src/hooks/index.ts:45:3 - error TS2724: '"./useAnalytics"' has no exported member named 'UsePerformanceMetricsReturn'. Did you mean 'usePerformanceMetrics'?

45   UsePerformanceMetricsReturn,
     ~~~~~~~~~~~~~~~~~~~~~~~~~~~

  src/hooks/useAnalytics.ts:34:17
    34 export function usePerformanceMetrics(options: UsePerformanceMetricsOptions = {}): UsePerformanceMetricsReturn {
                       ~~~~~~~~~~~~~~~~~~~~~
    'usePerformanceMetrics' is declared here.

src/hooks/index.ts:46:3 - error TS2724: '"./useAnalytics"' has no exported member named 'UseEngagementDataOptions'. Did you mean 'useEngagementData'?

46   UseEngagementDataOptions,
     ~~~~~~~~~~~~~~~~~~~~~~~~

  src/hooks/useAnalytics.ts:152:17
    152 export function useEngagementData(options: UseEngagementDataOptions = {}): UseEngagementDataReturn {
                        ~~~~~~~~~~~~~~~~~
    'useEngagementData' is declared here.

src/hooks/index.ts:47:3 - error TS2724: '"./useAnalytics"' has no exported member named 'UseEngagementDataReturn'. Did you mean 'useEngagementData'?

47   UseEngagementDataReturn,
     ~~~~~~~~~~~~~~~~~~~~~~~

  src/hooks/useAnalytics.ts:152:17
    152 export function useEngagementData(options: UseEngagementDataOptions = {}): UseEngagementDataReturn {
                        ~~~~~~~~~~~~~~~~~
    'useEngagementData' is declared here.

src/hooks/index.ts:48:3 - error TS2724: '"./useAnalytics"' has no exported member named 'UseStudentAnalyticsOptions'. Did you mean 'useStudentAnalytics'?

48   UseStudentAnalyticsOptions,
     ~~~~~~~~~~~~~~~~~~~~~~~~~~

  src/hooks/useAnalytics.ts:284:17
    284 export function useStudentAnalytics(options: UseStudentAnalyticsOptions = {}): UseStudentAnalyticsReturn {
                        ~~~~~~~~~~~~~~~~~~~
    'useStudentAnalytics' is declared here.

src/hooks/index.ts:49:3 - error TS2724: '"./useAnalytics"' has no exported member named 'UseStudentAnalyticsReturn'. Did you mean 'useStudentAnalytics'?

49   UseStudentAnalyticsReturn
     ~~~~~~~~~~~~~~~~~~~~~~~~~

  src/hooks/useAnalytics.ts:284:17
    284 export function useStudentAnalytics(options: UseStudentAnalyticsOptions = {}): UseStudentAnalyticsReturn {
                        ~~~~~~~~~~~~~~~~~~~
    'useStudentAnalytics' is declared here.

src/hooks/index.ts:96:3 - error TS2614: Module '"./ai/useSkillGraph"' has no exported member 'UseSkillGraphOptions'. Did you mean to use 'import UseSkillGraphOptions from "./ai/useSkillGraph"' instead?

96   UseSkillGraphOptions,
     ~~~~~~~~~~~~~~~~~~~~

src/hooks/index.ts:97:3 - error TS2724: '"./ai/useSkillGraph"' has no exported member named 'UseSkillGraphReturn'. Did you mean 'useSkillGraph'?

97   UseSkillGraphReturn
     ~~~~~~~~~~~~~~~~~~~

  src/hooks/ai/useSkillGraph.ts:45:17
    45 export function useSkillGraph(options: UseSkillGraphOptions = {}): UseSkillGraphReturn {
                       ~~~~~~~~~~~~~
    'useSkillGraph' is declared here.

src/hooks/index.ts:103:3 - error TS2614: Module '"./communication/useWebRTC"' has no exported member 'UseWebRTCOptions'. Did you mean to use 'import UseWebRTCOptions from "./communication/useWebRTC"' instead?

103   UseWebRTCOptions,
      ~~~~~~~~~~~~~~~~

src/hooks/index.ts:104:3 - error TS2614: Module '"./communication/useWebRTC"' has no exported member 'UseWebRTCReturn'. Did you mean to use 'import UseWebRTCReturn from "./communication/useWebRTC"' instead?

104   UseWebRTCReturn
      ~~~~~~~~~~~~~~~

src/hooks/useAdminPermissions.tsx:6:10 - error TS2614: Module '"../contexts/AdminContext"' has no exported member 'AdminPermissions'. Did you mean to use 'import AdminPermissions from "../contexts/AdminContext"' instead?

6 import { AdminPermissions } from '../contexts/AdminContext';
           ~~~~~~~~~~~~~~~~

src/hooks/useAnalytics.ts:1:10 - error TS2300: Duplicate identifier 'useCallback'.

1 import { useCallback, useState, useEffect } from 'react';
           ~~~~~~~~~~~

src/hooks/useAnalytics.ts:1:23 - error TS2300: Duplicate identifier 'useState'.

1 import { useCallback, useState, useEffect } from 'react';
                        ~~~~~~~~

src/hooks/useAnalytics.ts:1:33 - error TS2300: Duplicate identifier 'useEffect'.

1 import { useCallback, useState, useEffect } from 'react';
                                  ~~~~~~~~~

src/hooks/useAnalytics.ts:50:5 - error TS2339: Property 'refresh' does not exist on type 'AnalyticsContextType'.

50     refresh
       ~~~~~~~

src/hooks/useAnalytics.ts:170:5 - error TS2339: Property 'refresh' does not exist on type 'AnalyticsContextType'.

170     refresh
        ~~~~~~~

src/hooks/useAnalytics.ts:297:5 - error TS2339: Property 'refresh' does not exist on type 'AnalyticsContextType'.

297     refresh
        ~~~~~~~

src/hooks/useAnalytics.ts:381:10 - error TS2300: Duplicate identifier 'useCallback'.

381 import { useCallback, useState, useEffect } from 'react';
             ~~~~~~~~~~~

src/hooks/useAnalytics.ts:381:23 - error TS2300: Duplicate identifier 'useState'.

381 import { useCallback, useState, useEffect } from 'react';
                          ~~~~~~~~

src/hooks/useAnalytics.ts:381:33 - error TS2300: Duplicate identifier 'useEffect'.

381 import { useCallback, useState, useEffect } from 'react';
                                    ~~~~~~~~~

src/hooks/useCodeExecution.ts:1:10 - error TS2300: Duplicate identifier 'useCallback'.

1 import { useCallback, useRef, useState } from 'react';
           ~~~~~~~~~~~

src/hooks/useCodeExecution.ts:1:23 - error TS2300: Duplicate identifier 'useRef'.

1 import { useCallback, useRef, useState } from 'react';
                        ~~~~~~

src/hooks/useCodeExecution.ts:1:31 - error TS2300: Duplicate identifier 'useState'.

1 import { useCallback, useRef, useState } from 'react';
                                ~~~~~~~~

src/hooks/useCodeExecution.ts:328:10 - error TS2300: Duplicate identifier 'useCallback'.

328 import { useCallback, useState, useRef } from 'react';
             ~~~~~~~~~~~

src/hooks/useCodeExecution.ts:328:23 - error TS2300: Duplicate identifier 'useState'.

328 import { useCallback, useState, useRef } from 'react';
                          ~~~~~~~~

src/hooks/useCodeExecution.ts:328:33 - error TS2300: Duplicate identifier 'useRef'.

328 import { useCallback, useState, useRef } from 'react';
                                    ~~~~~~

src/hooks/useCollaborationSession.ts:113:11 - error TS2588: Cannot assign to 'roomId' because it is a constant.

113           roomId = session.id;
              ~~~~~~

src/hooks/useCollaborationSession.ts:182:20 - error TS2339: Property 'state' does not exist on type 'CollaborationState'.

182     setPeers(state.state.peers);
                       ~~~~~

src/hooks/useCollaborationSession.ts:183:30 - error TS2339: Property 'state' does not exist on type 'CollaborationState'.

183     setDocumentVersion(state.state.documentVersion);
                                 ~~~~~

src/hooks/useCollaborationSession.ts:184:25 - error TS2339: Property 'state' does not exist on type 'CollaborationState'.

184     setSyncStatus(state.state.syncStatus);
                            ~~~~~

src/hooks/useCollaborationSession.ts:185:27 - error TS2339: Property 'state' does not exist on type 'CollaborationState'.

185     setChatMessages(state.state.chatMessages);
                              ~~~~~

src/hooks/useCollaborationSession.ts:186:26 - error TS2339: Property 'state' does not exist on type 'CollaborationState'.

186     setUnreadCount(state.state.unreadCount);
                             ~~~~~

src/hooks/useCollaborationSession.ts:187:32 - error TS2339: Property 'state' does not exist on type 'CollaborationState'.

187     setConnectionQuality(state.state.connectionQuality);
                                   ~~~~~

src/hooks/useCollaborationSession.ts:188:26 - error TS2339: Property 'state' does not exist on type 'CollaborationState'.

188     setIsConnected(state.state.isConnected);
                             ~~~~~

src/hooks/useCollaborationSession.ts:189:27 - error TS2339: Property 'state' does not exist on type 'CollaborationState'.

189     setIsConnecting(state.state.isConnecting);
                              ~~~~~

src/hooks/useCollaborationSession.ts:192:21 - error TS2339: Property 'state' does not exist on type 'CollaborationState'.

192       userId: state.state.localUserId,
                        ~~~~~

src/hooks/useCollaborationSession.ts:193:19 - error TS2339: Property 'state' does not exist on type 'CollaborationState'.

193       name: state.state.localUserName,
                      ~~~~~

src/hooks/useCollaborationSession.ts:200:13 - error TS2339: Property 'state' does not exist on type 'CollaborationState'.

200   }, [state.state]);
                ~~~~~

src/hooks/useCollaborationSession.ts:217:44 - error TS2339: Property 'state' does not exist on type 'CollaborationState'.

217     const newPeer = peers.find(p => !state.state.peers.find(sp => sp.userId === p.userId));
                                               ~~~~~

src/hooks/useCollaborationSession.ts:224:28 - error TS2339: Property 'state' does not exist on type 'CollaborationState'.

224     const leftPeer = state.state.peers.find(p => !peers.find(sp => sp.userId === p.userId));
                               ~~~~~

src/hooks/useCollaborationSession.ts:228:13 - error TS2339: Property 'state' does not exist on type 'CollaborationState'.

228   }, [state.state.peers, peers, onPeerLeave]);
                ~~~~~

src/hooks/useGamification.ts:1:10 - error TS2300: Duplicate identifier 'useCallback'.

1 import { useCallback, useState, useEffect } from 'react';
           ~~~~~~~~~~~

src/hooks/useGamification.ts:1:23 - error TS2300: Duplicate identifier 'useState'.

1 import { useCallback, useState, useEffect } from 'react';
                        ~~~~~~~~

src/hooks/useGamification.ts:1:33 - error TS2300: Duplicate identifier 'useEffect'.

1 import { useCallback, useState, useEffect } from 'react';
                                  ~~~~~~~~~

src/hooks/useGamification.ts:2:10 - error TS2440: Import declaration conflicts with local declaration of 'useGamification'.

2 import { useGamification, Badge, Challenge, Leaderboard, XPGain } from '../contexts/GamificationContext';
           ~~~~~~~~~~~~~~~

src/hooks/useGamification.ts:65:5 - error TS2339: Property 'state' does not exist on type 'UseGamificationReturn'.

65     state,
       ~~~~~

src/hooks/useGamification.ts:67:5 - error TS2339: Property 'spendXP' does not exist on type 'UseGamificationReturn'.

67     spendXP,
       ~~~~~~~

src/hooks/useGamification.ts:68:5 - error TS2339: Property 'checkLevelUp' does not exist on type 'UseGamificationReturn'.

68     checkLevelUp,
       ~~~~~~~~~~~~

src/hooks/useGamification.ts:71:5 - error TS2339: Property 'unlockBadge' does not exist on type 'UseGamificationReturn'.

71     unlockBadge,
       ~~~~~~~~~~~

src/hooks/useGamification.ts:72:5 - error TS2339: Property 'getBadgeProgress' does not exist on type 'UseGamificationReturn'.

72     getBadgeProgress,
       ~~~~~~~~~~~~~~~~

src/hooks/useGamification.ts:74:5 - error TS2339: Property 'updateChallengeProgress' does not exist on type 'UseGamificationReturn'.

74     updateChallengeProgress,
       ~~~~~~~~~~~~~~~~~~~~~~~

src/hooks/useGamification.ts:76:5 - error TS2339: Property 'loadUserProgress' does not exist on type 'UseGamificationReturn'.

76     loadUserProgress
       ~~~~~~~~~~~~~~~~

src/hooks/useGamification.ts:191:10 - error TS2300: Duplicate identifier 'useCallback'.

191 import { useCallback, useState, useEffect } from 'react';
             ~~~~~~~~~~~

src/hooks/useGamification.ts:191:23 - error TS2300: Duplicate identifier 'useState'.

191 import { useCallback, useState, useEffect } from 'react';
                          ~~~~~~~~

src/hooks/useGamification.ts:191:33 - error TS2300: Duplicate identifier 'useEffect'.

191 import { useCallback, useState, useEffect } from 'react';
                                    ~~~~~~~~~

src/hooks/useLMSIntegration.ts:1:10 - error TS2300: Duplicate identifier 'useCallback'.

1 import { useCallback, useState, useRef, useEffect } from 'react';
           ~~~~~~~~~~~

src/hooks/useLMSIntegration.ts:1:23 - error TS2300: Duplicate identifier 'useState'.

1 import { useCallback, useState, useRef, useEffect } from 'react';
                        ~~~~~~~~

src/hooks/useLMSIntegration.ts:1:33 - error TS2300: Duplicate identifier 'useRef'.

1 import { useCallback, useState, useRef, useEffect } from 'react';
                                  ~~~~~~

src/hooks/useLMSIntegration.ts:1:41 - error TS2300: Duplicate identifier 'useEffect'.

1 import { useCallback, useState, useRef, useEffect } from 'react';
                                          ~~~~~~~~~

src/hooks/useLMSIntegration.ts:805:10 - error TS2300: Duplicate identifier 'useCallback'.

805 import { useCallback, useState, useRef, useEffect } from 'react';
             ~~~~~~~~~~~

src/hooks/useLMSIntegration.ts:805:23 - error TS2300: Duplicate identifier 'useState'.

805 import { useCallback, useState, useRef, useEffect } from 'react';
                          ~~~~~~~~

src/hooks/useLMSIntegration.ts:805:33 - error TS2300: Duplicate identifier 'useRef'.

805 import { useCallback, useState, useRef, useEffect } from 'react';
                                    ~~~~~~

src/hooks/useLMSIntegration.ts:805:41 - error TS2300: Duplicate identifier 'useEffect'.

805 import { useCallback, useState, useRef, useEffect } from 'react';
                                            ~~~~~~~~~

src/hooks/useWebSocket.ts:1:10 - error TS2300: Duplicate identifier 'useCallback'.

1 import { useCallback, useEffect, useRef, useState } from 'react';
           ~~~~~~~~~~~

src/hooks/useWebSocket.ts:1:23 - error TS2300: Duplicate identifier 'useEffect'.

1 import { useCallback, useEffect, useRef, useState } from 'react';
                        ~~~~~~~~~

src/hooks/useWebSocket.ts:1:34 - error TS2300: Duplicate identifier 'useRef'.

1 import { useCallback, useEffect, useRef, useState } from 'react';
                                   ~~~~~~

src/hooks/useWebSocket.ts:1:42 - error TS2300: Duplicate identifier 'useState'.

1 import { useCallback, useEffect, useRef, useState } from 'react';
                                           ~~~~~~~~

src/hooks/useWebSocket.ts:239:10 - error TS2300: Duplicate identifier 'useCallback'.

239 import { useCallback, useEffect, useRef, useState } from 'react';
             ~~~~~~~~~~~

src/hooks/useWebSocket.ts:239:23 - error TS2300: Duplicate identifier 'useEffect'.

239 import { useCallback, useEffect, useRef, useState } from 'react';
                          ~~~~~~~~~

src/hooks/useWebSocket.ts:239:34 - error TS2300: Duplicate identifier 'useRef'.

239 import { useCallback, useEffect, useRef, useState } from 'react';
                                     ~~~~~~

src/hooks/useWebSocket.ts:239:42 - error TS2300: Duplicate identifier 'useState'.

239 import { useCallback, useEffect, useRef, useState } from 'react';
                                             ~~~~~~~~


Found 348 errors.

 ELIFECYCLE  Command failed with exit code 2.